<?xml version="1.0" encoding="UTF-8"?>
<testng-results skipped="0" failed="0" ignored="0" total="1" passed="1">
  <reporter-output>
  </reporter-output>
  <suite name="Default suite" duration-ms="8860" started-at="2018-02-06T08:43:31Z" finished-at="2018-02-06T08:43:40Z">
    <groups>
    </groups>
    <test name="Default test" duration-ms="8860" started-at="2018-02-06T08:43:31Z" finished-at="2018-02-06T08:43:40Z">
      <class name="com.baidu.two.BaiduDemoFour.main.NewTest">
        <test-method status="PASS" signature="beforeMethod()[pri:0, instance:com.baidu.two.BaiduDemoFour.main.NewTest@3ffc5af1]" name="beforeMethod" is-config="true" duration-ms="5" started-at="2018-02-06T16:43:31Z" finished-at="2018-02-06T16:43:31Z">
          <reporter-output>
          </reporter-output>
        </test-method> <!-- beforeMethod -->
        <test-method status="PASS" signature="f()[pri:0, instance:com.baidu.two.BaiduDemoFour.main.NewTest@3ffc5af1]" name="f" duration-ms="8839" started-at="2018-02-06T16:43:31Z" finished-at="2018-02-06T16:43:40Z">
          <reporter-output>
          </reporter-output>
        </test-method> <!-- f -->
        <test-method status="PASS" signature="afterMethod()[pri:0, instance:com.baidu.two.BaiduDemoFour.main.NewTest@3ffc5af1]" name="afterMethod" is-config="true" duration-ms="1" started-at="2018-02-06T16:43:40Z" finished-at="2018-02-06T16:43:40Z">
          <reporter-output>
          </reporter-output>
        </test-method> <!-- afterMethod -->
      </class> <!-- com.baidu.two.BaiduDemoFour.main.NewTest -->
    </test> <!-- Default test -->
  </suite> <!-- Default suite -->
</testng-results>
